<?xml version="1.0" encoding="UTF-8"?>
<testsuite xmlns:xsi="http://www.w3.org/2001/XMLSchema-instance" xsi:noNamespaceSchemaLocation="https://maven.apache.org/surefire/maven-surefire-plugin/xsd/surefire-test-report.xsd" name="firsttime.TestAddition" time="0.038" tests="3" errors="0" skipped="0" failures="0">
  <properties>
    <property name="sun.desktop" value="windows"/>
    <property name="awt.toolkit" value="sun.awt.windows.WToolkit"/>
    <property name="java.specification.version" value="11"/>
    <property name="sun.cpu.isalist" value="amd64"/>
    <property name="sun.jnu.encoding" value="Cp1252"/>
    <property name="java.class.path" value="C:\Users\TESUMANT\eclipse-workspace\firsttime\target\test-classes;C:\Users\TESUMANT\eclipse-workspace\firsttime\target\classes;C:\Users\TESUMANT\.m2\repository\org\junit\jupiter\junit-jupiter-engine\5.3.1\junit-jupiter-engine-5.3.1.jar;C:\Users\TESUMANT\.m2\repository\org\apiguardian\apiguardian-api\1.0.0\apiguardian-api-1.0.0.jar;C:\Users\TESUMANT\.m2\repository\org\junit\platform\junit-platform-engine\1.3.1\junit-platform-engine-1.3.1.jar;C:\Users\TESUMANT\.m2\repository\org\junit\platform\junit-platform-commons\1.3.1\junit-platform-commons-1.3.1.jar;C:\Users\TESUMANT\.m2\repository\org\opentest4j\opentest4j\1.1.1\opentest4j-1.1.1.jar;C:\Users\TESUMANT\.m2\repository\org\junit\jupiter\junit-jupiter-api\5.3.1\junit-jupiter-api-5.3.1.jar;"/>
    <property name="java.vm.vendor" value="Oracle Corporation"/>
    <property name="sun.arch.data.model" value="64"/>
    <property name="user.variant" value=""/>
    <property name="java.vendor.url" value="https://openjdk.java.net/"/>
    <property name="user.timezone" value="Asia/Calcutta"/>
    <property name="java.vm.specification.version" value="11"/>
    <property name="os.name" value="Windows 10"/>
    <property name="sun.java.launcher" value="SUN_STANDARD"/>
    <property name="user.country" value="IN"/>
    <property name="sun.boot.library.path" value="C:\Users\TESUMANT\training\jdk-11.0.13_windows-x64_bin\jdk-11.0.13\bin"/>
    <property name="sun.java.command" value="C:\Users\TESUMANT\AppData\Local\Temp\surefire11704581653252751306\surefirebooter8089442077760927833.jar C:\Users\TESUMANT\AppData\Local\Temp\surefire11704581653252751306 2023-03-08T15-01-58_146-jvmRun1 surefire4250201087223059955tmp surefire_07311299029490676457tmp"/>
    <property name="jdk.debug" value="release"/>
    <property name="surefire.test.class.path" value="C:\Users\TESUMANT\eclipse-workspace\firsttime\target\test-classes;C:\Users\TESUMANT\eclipse-workspace\firsttime\target\classes;C:\Users\TESUMANT\.m2\repository\org\junit\jupiter\junit-jupiter-engine\5.3.1\junit-jupiter-engine-5.3.1.jar;C:\Users\TESUMANT\.m2\repository\org\apiguardian\apiguardian-api\1.0.0\apiguardian-api-1.0.0.jar;C:\Users\TESUMANT\.m2\repository\org\junit\platform\junit-platform-engine\1.3.1\junit-platform-engine-1.3.1.jar;C:\Users\TESUMANT\.m2\repository\org\junit\platform\junit-platform-commons\1.3.1\junit-platform-commons-1.3.1.jar;C:\Users\TESUMANT\.m2\repository\org\opentest4j\opentest4j\1.1.1\opentest4j-1.1.1.jar;C:\Users\TESUMANT\.m2\repository\org\junit\jupiter\junit-jupiter-api\5.3.1\junit-jupiter-api-5.3.1.jar;"/>
    <property name="sun.cpu.endian" value="little"/>
    <property name="user.home" value="C:\Users\TESUMANT"/>
    <property name="user.language" value="en"/>
    <property name="java.specification.vendor" value="Oracle Corporation"/>
    <property name="java.version.date" value="2021-10-19"/>
    <property name="java.home" value="C:\Users\TESUMANT\training\jdk-11.0.13_windows-x64_bin\jdk-11.0.13"/>
    <property name="file.separator" value="\"/>
    <property name="basedir" value="C:\Users\TESUMANT\eclipse-workspace\firsttime"/>
    <property name="java.vm.compressedOopsMode" value="Zero based"/>
    <property name="line.separator" value="&#10;"/>
    <property name="java.specification.name" value="Java Platform API Specification"/>
    <property name="java.vm.specification.vendor" value="Oracle Corporation"/>
    <property name="java.awt.graphicsenv" value="sun.awt.Win32GraphicsEnvironment"/>
    <property name="surefire.real.class.path" value="C:\Users\TESUMANT\AppData\Local\Temp\surefire11704581653252751306\surefirebooter8089442077760927833.jar"/>
    <property name="user.script" value=""/>
    <property name="sun.management.compiler" value="HotSpot 64-Bit Tiered Compilers"/>
    <property name="java.runtime.version" value="11.0.13+10-LTS-370"/>
    <property name="user.name" value="TESUMANT"/>
    <property name="path.separator" value=";"/>
    <property name="os.version" value="10.0"/>
    <property name="java.runtime.name" value="Java(TM) SE Runtime Environment"/>
    <property name="file.encoding" value="Cp1252"/>
    <property name="java.vm.name" value="Java HotSpot(TM) 64-Bit Server VM"/>
    <property name="java.vendor.version" value="18.9"/>
    <property name="localRepository" value="C:\Users\TESUMANT\.m2\repository"/>
    <property name="java.vendor.url.bug" value="https://bugreport.java.com/bugreport/"/>
    <property name="java.io.tmpdir" value="C:\Users\TESUMANT\AppData\Local\Temp\"/>
    <property name="java.version" value="11.0.13"/>
    <property name="user.dir" value="C:\Users\TESUMANT\eclipse-workspace\firsttime"/>
    <property name="os.arch" value="amd64"/>
    <property name="java.vm.specification.name" value="Java Virtual Machine Specification"/>
    <property name="java.awt.printerjob" value="sun.awt.windows.WPrinterJob"/>
    <property name="sun.os.patch.level" value=""/>
    <property name="java.library.path" value="C:\Users\TESUMANT\training\jdk-11.0.13_windows-x64_bin\jdk-11.0.13\bin;C:\WINDOWS\Sun\Java\bin;C:\WINDOWS\system32;C:\WINDOWS;C:\Users\TESUMANT\training\jdk-11.0.13_windows-x64_bin\jdk-11.0.13\bin;C:\WINDOWS\system32;C:\WINDOWS;C:\WINDOWS\System32\Wbem;C:\WINDOWS\System32\WindowsPowerShell\v1.0\;C:\WINDOWS\System32\OpenSSH\;C:\Users\TESUMANT\training\apache-maven-3.8.4-bin\apache-maven-3.8.4\bin;C:\Users\TESUMANT\training\gradle-7.2-bin\gradle-7.2\bin;C:\Users\TESUMANT\OneDrive - Capgemini\Desktop\sonarqube\sonar-scanner-4.7.0.2747-windows\bin;C:\Users\TESUMANT\training\sonarqube-9.7.1.62043\sonar-scanner-4.7.0.2747-windows\bin;C:\Users\TESUMANT\training\sonarqube-9.7.1.62043\sonar-scanner-msbuild-5.9.1.58166-net5.0\sonar-scanner-4.7.0.2747\bin;C:\Program Files\nodejs\;C:\Binaries;C:\Users\TESUMANT\training\Git\cmd;C:\Users\TESUMANT\training\jdk-11.0.13_windows-x64_bin\jdk-11.0.13\bin;C:\Users\TESUMANT\AppData\Local\Programs\Microsoft VS Code\bin;C:\Users\TESUMANT\AppData\Roaming\npm;;."/>
    <property name="java.vendor" value="Oracle Corporation"/>
    <property name="java.vm.info" value="mixed mode"/>
    <property name="java.vm.version" value="11.0.13+10-LTS-370"/>
    <property name="sun.io.unicode.encoding" value="UnicodeLittle"/>
    <property name="java.class.version" value="55.0"/>
  </properties>
  <testcase name="testNameNull" classname="firsttime.TestAddition" time="0.031"/>
  <testcase name="testNameMkyong" classname="firsttime.TestAddition" time="0"/>
  <testcase name="testNameEmpty" classname="firsttime.TestAddition" time="0"/>
</testsuite>